<?xml version="1.0" encoding="UTF-8"?>
<testng-results ignored="0" total="1" passed="1" failed="0" skipped="0">
  <reporter-output>
  </reporter-output>
  <suite started-at="2024-10-22T11:59:04 EDT" name="All Test Suite" finished-at="2024-10-22T11:59:20 EDT" duration-ms="15639">
    <groups>
    </groups>
    <test started-at="2024-10-22T11:59:04 EDT" name="C:/Users/rumam/IdeaProjects/TDD_Costco" finished-at="2024-10-22T11:59:20 EDT" duration-ms="15639">
      <class name="tests.LandingPageTest">
        <test-method is-config="true" signature="launchApplication()[pri:0, instance:tests.LandingPageTest@158da8e]" started-at="2024-10-22T11:59:04 EDT" name="launchApplication" finished-at="2024-10-22T11:59:08 EDT" duration-ms="3973" status="PASS">
          <reporter-output>
          </reporter-output>
        </test-method> <!-- launchApplication -->
        <test-method signature="homePageTest()[pri:0, instance:tests.LandingPageTest@158da8e]" started-at="2024-10-22T11:59:08 EDT" name="homePageTest" finished-at="2024-10-22T11:59:20 EDT" duration-ms="11361" status="PASS">
          <reporter-output>
          </reporter-output>
        </test-method> <!-- homePageTest -->
        <test-method is-config="true" signature="driverClose()[pri:0, instance:tests.LandingPageTest@158da8e]" started-at="2024-10-22T11:59:20 EDT" name="driverClose" finished-at="2024-10-22T11:59:20 EDT" duration-ms="261" status="PASS">
          <reporter-output>
          </reporter-output>
        </test-method> <!-- driverClose -->
      </class> <!-- tests.LandingPageTest -->
    </test> <!-- C:/Users/rumam/IdeaProjects/TDD_Costco -->
  </suite> <!-- All Test Suite -->
</testng-results>
